[0.070s] DEBUG:colcon:Command line arguments: ['/usr/bin/colcon', 'build']
[0.070s] DEBUG:colcon:Parsed command line arguments: Namespace(log_base=None, log_level=None, verb_name='build', build_base='build', install_base='install', merge_install=False, symlink_install=False, test_result_base=None, continue_on_error=False, executor='parallel', parallel_workers=12, event_handlers=None, ignore_user_meta=False, metas=['./colcon.meta'], base_paths=['.'], packages_ignore=None, packages_ignore_regex=None, paths=None, packages_up_to=None, packages_up_to_regex=None, packages_above=None, packages_above_and_dependencies=None, packages_above_depth=None, packages_select_by_dep=None, packages_skip_by_dep=None, packages_skip_up_to=None, packages_select_build_failed=False, packages_skip_build_finished=False, packages_select_test_failures=False, packages_skip_test_passed=False, packages_select=None, packages_skip=None, packages_select_regex=None, packages_skip_regex=None, packages_start=None, packages_end=None, allow_overriding=[], cmake_args=None, cmake_target=None, cmake_target_skip_unavailable=False, cmake_clean_cache=False, cmake_clean_first=False, cmake_force_configure=False, ament_cmake_args=None, catkin_cmake_args=None, catkin_skip_building_tests=False, mixin_files=None, mixin=None, verb_parser=<colcon_mixin.mixin.mixin_argument.MixinArgumentDecorator object at 0x7394ca0bc160>, verb_extension=<colcon_core.verb.build.BuildVerb object at 0x7394ca27d1b0>, main=<bound method BuildVerb.main of <colcon_core.verb.build.BuildVerb object at 0x7394ca27d1b0>>, mixin_verb=('build',))
[0.090s] Level 1:colcon.colcon_core.package_discovery:discover_packages(colcon_meta) check parameters
[0.090s] Level 1:colcon.colcon_core.package_discovery:discover_packages(recursive) check parameters
[0.090s] Level 1:colcon.colcon_core.package_discovery:discover_packages(ignore) check parameters
[0.090s] Level 1:colcon.colcon_core.package_discovery:discover_packages(path) check parameters
[0.090s] Level 1:colcon.colcon_core.package_discovery:discover_packages(colcon_meta) discover
[0.090s] Level 1:colcon.colcon_core.package_discovery:discover_packages(recursive) discover
[0.090s] INFO:colcon.colcon_core.package_discovery:Crawling recursively for packages in '/home/ju/camera_ws'
[0.091s] Level 1:colcon.colcon_core.package_identification:_identify(.) by extensions ['ignore', 'ignore_ament_install']
[0.091s] Level 1:colcon.colcon_core.package_identification:_identify(.) by extension 'ignore'
[0.091s] Level 1:colcon.colcon_core.package_identification:_identify(.) by extension 'ignore_ament_install'
[0.091s] Level 1:colcon.colcon_core.package_identification:_identify(.) by extensions ['colcon_pkg']
[0.091s] Level 1:colcon.colcon_core.package_identification:_identify(.) by extension 'colcon_pkg'
[0.091s] Level 1:colcon.colcon_core.package_identification:_identify(.) by extensions ['colcon_meta']
[0.091s] Level 1:colcon.colcon_core.package_identification:_identify(.) by extension 'colcon_meta'
[0.091s] Level 1:colcon.colcon_core.package_identification:_identify(.) by extensions ['ros']
[0.091s] Level 1:colcon.colcon_core.package_identification:_identify(.) by extension 'ros'
[0.100s] Level 1:colcon.colcon_core.package_identification:_identify(.) by extensions ['cmake', 'python']
[0.100s] Level 1:colcon.colcon_core.package_identification:_identify(.) by extension 'cmake'
[0.100s] Level 1:colcon.colcon_core.package_identification:_identify(.) by extension 'python'
[0.100s] Level 1:colcon.colcon_core.package_identification:_identify(.) by extensions ['python_setup_py']
[0.100s] Level 1:colcon.colcon_core.package_identification:_identify(.) by extension 'python_setup_py'
[0.100s] Level 1:colcon.colcon_core.package_identification:_identify(build) by extensions ['ignore', 'ignore_ament_install']
[0.100s] Level 1:colcon.colcon_core.package_identification:_identify(build) by extension 'ignore'
[0.100s] Level 1:colcon.colcon_core.package_identification:_identify(build) ignored
[0.100s] Level 1:colcon.colcon_core.package_identification:_identify(install) by extensions ['ignore', 'ignore_ament_install']
[0.100s] Level 1:colcon.colcon_core.package_identification:_identify(install) by extension 'ignore'
[0.100s] Level 1:colcon.colcon_core.package_identification:_identify(install) ignored
[0.100s] Level 1:colcon.colcon_core.package_identification:_identify(log) by extensions ['ignore', 'ignore_ament_install']
[0.100s] Level 1:colcon.colcon_core.package_identification:_identify(log) by extension 'ignore'
[0.100s] Level 1:colcon.colcon_core.package_identification:_identify(log) ignored
[0.100s] Level 1:colcon.colcon_core.package_identification:_identify(src) by extensions ['ignore', 'ignore_ament_install']
[0.100s] Level 1:colcon.colcon_core.package_identification:_identify(src) by extension 'ignore'
[0.100s] Level 1:colcon.colcon_core.package_identification:_identify(src) by extension 'ignore_ament_install'
[0.100s] Level 1:colcon.colcon_core.package_identification:_identify(src) by extensions ['colcon_pkg']
[0.100s] Level 1:colcon.colcon_core.package_identification:_identify(src) by extension 'colcon_pkg'
[0.100s] Level 1:colcon.colcon_core.package_identification:_identify(src) by extensions ['colcon_meta']
[0.100s] Level 1:colcon.colcon_core.package_identification:_identify(src) by extension 'colcon_meta'
[0.100s] Level 1:colcon.colcon_core.package_identification:_identify(src) by extensions ['ros']
[0.100s] Level 1:colcon.colcon_core.package_identification:_identify(src) by extension 'ros'
[0.100s] Level 1:colcon.colcon_core.package_identification:_identify(src) by extensions ['cmake', 'python']
[0.100s] Level 1:colcon.colcon_core.package_identification:_identify(src) by extension 'cmake'
[0.100s] Level 1:colcon.colcon_core.package_identification:_identify(src) by extension 'python'
[0.100s] Level 1:colcon.colcon_core.package_identification:_identify(src) by extensions ['python_setup_py']
[0.100s] Level 1:colcon.colcon_core.package_identification:_identify(src) by extension 'python_setup_py'
[0.100s] Level 1:colcon.colcon_core.package_identification:_identify(src/line_follow) by extensions ['ignore', 'ignore_ament_install']
[0.100s] Level 1:colcon.colcon_core.package_identification:_identify(src/line_follow) by extension 'ignore'
[0.100s] Level 1:colcon.colcon_core.package_identification:_identify(src/line_follow) by extension 'ignore_ament_install'
[0.100s] Level 1:colcon.colcon_core.package_identification:_identify(src/line_follow) by extensions ['colcon_pkg']
[0.100s] Level 1:colcon.colcon_core.package_identification:_identify(src/line_follow) by extension 'colcon_pkg'
[0.100s] Level 1:colcon.colcon_core.package_identification:_identify(src/line_follow) by extensions ['colcon_meta']
[0.100s] Level 1:colcon.colcon_core.package_identification:_identify(src/line_follow) by extension 'colcon_meta'
[0.101s] Level 1:colcon.colcon_core.package_identification:_identify(src/line_follow) by extensions ['ros']
[0.101s] Level 1:colcon.colcon_core.package_identification:_identify(src/line_follow) by extension 'ros'
[0.102s] DEBUG:colcon.colcon_core.package_identification:Package 'src/line_follow' with type 'ros.ament_python' and name 'line_follow'
[0.102s] Level 1:colcon.colcon_core.package_identification:_identify(src/usb_cam) by extensions ['ignore', 'ignore_ament_install']
[0.102s] Level 1:colcon.colcon_core.package_identification:_identify(src/usb_cam) by extension 'ignore'
[0.102s] Level 1:colcon.colcon_core.package_identification:_identify(src/usb_cam) by extension 'ignore_ament_install'
[0.102s] Level 1:colcon.colcon_core.package_identification:_identify(src/usb_cam) by extensions ['colcon_pkg']
[0.102s] Level 1:colcon.colcon_core.package_identification:_identify(src/usb_cam) by extension 'colcon_pkg'
[0.102s] Level 1:colcon.colcon_core.package_identification:_identify(src/usb_cam) by extensions ['colcon_meta']
[0.102s] Level 1:colcon.colcon_core.package_identification:_identify(src/usb_cam) by extension 'colcon_meta'
[0.102s] Level 1:colcon.colcon_core.package_identification:_identify(src/usb_cam) by extensions ['ros']
[0.102s] Level 1:colcon.colcon_core.package_identification:_identify(src/usb_cam) by extension 'ros'
[0.103s] DEBUG:colcon.colcon_core.package_identification:Package 'src/usb_cam' with type 'ros.ament_cmake' and name 'usb_cam'
[0.103s] Level 1:colcon.colcon_core.package_discovery:discover_packages(recursive) using defaults
[0.103s] Level 1:colcon.colcon_core.package_discovery:discover_packages(ignore) discover
[0.103s] Level 1:colcon.colcon_core.package_discovery:discover_packages(ignore) using defaults
[0.103s] Level 1:colcon.colcon_core.package_discovery:discover_packages(path) discover
[0.103s] Level 1:colcon.colcon_core.package_discovery:discover_packages(path) using defaults
[0.114s] Level 1:colcon.colcon_core.package_discovery:discover_packages(prefix_path) check parameters
[0.114s] Level 1:colcon.colcon_core.package_discovery:discover_packages(prefix_path) discover
[0.115s] WARNING:colcon.colcon_ros.prefix_path.ament:The path '/home/ju/camera_ws/install/usb_cam' in the environment variable AMENT_PREFIX_PATH doesn't exist
[0.115s] WARNING:colcon.colcon_ros.prefix_path.ament:The path '/home/ju/camera_ws/install' in the environment variable AMENT_PREFIX_PATH doesn't contain any 'local_setup.*' files.
[0.115s] WARNING:colcon.colcon_ros.prefix_path.catkin:The path '/home/ju/camera_ws/install/usb_cam' in the environment variable CMAKE_PREFIX_PATH doesn't exist
[0.115s] DEBUG:colcon.colcon_installed_package_information.package_discovery:Found 0 installed packages in /home/ju/camera_ws/install
[0.115s] DEBUG:colcon.colcon_installed_package_information.package_discovery:Found 1 installed packages in /home/ju/ros2_ws/install
[0.116s] DEBUG:colcon.colcon_installed_package_information.package_discovery:Found 329 installed packages in /opt/ros/humble
[0.117s] Level 1:colcon.colcon_core.package_discovery:discover_packages(prefix_path) using defaults
[0.137s] Level 5:colcon.colcon_core.verb:set package 'line_follow' build argument 'cmake_args' from command line to 'None'
[0.137s] Level 5:colcon.colcon_core.verb:set package 'line_follow' build argument 'cmake_target' from command line to 'None'
[0.137s] Level 5:colcon.colcon_core.verb:set package 'line_follow' build argument 'cmake_target_skip_unavailable' from command line to 'False'
[0.137s] Level 5:colcon.colcon_core.verb:set package 'line_follow' build argument 'cmake_clean_cache' from command line to 'False'
[0.137s] Level 5:colcon.colcon_core.verb:set package 'line_follow' build argument 'cmake_clean_first' from command line to 'False'
[0.137s] Level 5:colcon.colcon_core.verb:set package 'line_follow' build argument 'cmake_force_configure' from command line to 'False'
[0.137s] Level 5:colcon.colcon_core.verb:set package 'line_follow' build argument 'ament_cmake_args' from command line to 'None'
[0.137s] Level 5:colcon.colcon_core.verb:set package 'line_follow' build argument 'catkin_cmake_args' from command line to 'None'
[0.137s] Level 5:colcon.colcon_core.verb:set package 'line_follow' build argument 'catkin_skip_building_tests' from command line to 'False'
[0.137s] DEBUG:colcon.colcon_core.verb:Building package 'line_follow' with the following arguments: {'ament_cmake_args': None, 'build_base': '/home/ju/camera_ws/build/line_follow', 'catkin_cmake_args': None, 'catkin_skip_building_tests': False, 'cmake_args': None, 'cmake_clean_cache': False, 'cmake_clean_first': False, 'cmake_force_configure': False, 'cmake_target': None, 'cmake_target_skip_unavailable': False, 'install_base': '/home/ju/camera_ws/install/line_follow', 'merge_install': False, 'path': '/home/ju/camera_ws/src/line_follow', 'symlink_install': False, 'test_result_base': None}
[0.137s] Level 5:colcon.colcon_core.verb:set package 'usb_cam' build argument 'cmake_args' from command line to 'None'
[0.137s] Level 5:colcon.colcon_core.verb:set package 'usb_cam' build argument 'cmake_target' from command line to 'None'
[0.137s] Level 5:colcon.colcon_core.verb:set package 'usb_cam' build argument 'cmake_target_skip_unavailable' from command line to 'False'
[0.137s] Level 5:colcon.colcon_core.verb:set package 'usb_cam' build argument 'cmake_clean_cache' from command line to 'False'
[0.137s] Level 5:colcon.colcon_core.verb:set package 'usb_cam' build argument 'cmake_clean_first' from command line to 'False'
[0.137s] Level 5:colcon.colcon_core.verb:set package 'usb_cam' build argument 'cmake_force_configure' from command line to 'False'
[0.137s] Level 5:colcon.colcon_core.verb:set package 'usb_cam' build argument 'ament_cmake_args' from command line to 'None'
[0.137s] Level 5:colcon.colcon_core.verb:set package 'usb_cam' build argument 'catkin_cmake_args' from command line to 'None'
[0.137s] Level 5:colcon.colcon_core.verb:set package 'usb_cam' build argument 'catkin_skip_building_tests' from command line to 'False'
[0.137s] DEBUG:colcon.colcon_core.verb:Building package 'usb_cam' with the following arguments: {'ament_cmake_args': None, 'build_base': '/home/ju/camera_ws/build/usb_cam', 'catkin_cmake_args': None, 'catkin_skip_building_tests': False, 'cmake_args': None, 'cmake_clean_cache': False, 'cmake_clean_first': False, 'cmake_force_configure': False, 'cmake_target': None, 'cmake_target_skip_unavailable': False, 'install_base': '/home/ju/camera_ws/install/usb_cam', 'merge_install': False, 'path': '/home/ju/camera_ws/src/usb_cam', 'symlink_install': False, 'test_result_base': None}
[0.137s] INFO:colcon.colcon_core.executor:Executing jobs using 'parallel' executor
[0.138s] DEBUG:colcon.colcon_parallel_executor.executor.parallel:run_until_complete
[0.138s] INFO:colcon.colcon_ros.task.ament_python.build:Building ROS package in '/home/ju/camera_ws/src/line_follow' with build type 'ament_python'
[0.138s] Level 1:colcon.colcon_core.shell:create_environment_hook('line_follow', 'ament_prefix_path')
[0.139s] INFO:colcon.colcon_core.plugin_system:Skipping extension 'colcon_core.shell.bat': Not used on non-Windows systems
[0.140s] INFO:colcon.colcon_core.shell:Creating environment hook '/home/ju/camera_ws/install/line_follow/share/line_follow/hook/ament_prefix_path.ps1'
[0.140s] INFO:colcon.colcon_core.shell:Creating environment descriptor '/home/ju/camera_ws/install/line_follow/share/line_follow/hook/ament_prefix_path.dsv'
[0.140s] INFO:colcon.colcon_core.shell:Creating environment hook '/home/ju/camera_ws/install/line_follow/share/line_follow/hook/ament_prefix_path.sh'
[0.141s] INFO:colcon.colcon_core.shell:Skip shell extension 'powershell' for command environment: Not usable outside of PowerShell
[0.141s] DEBUG:colcon.colcon_core.shell:Skip shell extension 'dsv' for command environment
[0.143s] INFO:colcon.colcon_ros.task.ament_cmake.build:Building ROS package in '/home/ju/camera_ws/src/usb_cam' with build type 'ament_cmake'
[0.143s] INFO:colcon.colcon_cmake.task.cmake.build:Building CMake package in '/home/ju/camera_ws/src/usb_cam'
[0.143s] INFO:colcon.colcon_core.shell:Skip shell extension 'powershell' for command environment: Not usable outside of PowerShell
[0.143s] DEBUG:colcon.colcon_core.shell:Skip shell extension 'dsv' for command environment
[0.261s] WARNING:colcon.colcon_ros.task.ament_python.build:Package 'line_follow' doesn't explicitly install a marker in the package index (colcon-ros currently does it implicitly but that fallback will be removed in the future)
[0.261s] INFO:colcon.colcon_core.task.python.build:Building Python package in '/home/ju/camera_ws/src/line_follow'
[0.261s] INFO:colcon.colcon_core.shell:Skip shell extension 'powershell' for command environment: Not usable outside of PowerShell
[0.261s] DEBUG:colcon.colcon_core.shell:Skip shell extension 'dsv' for command environment
[0.267s] DEBUG:colcon.colcon_core.event_handler.log_command:Invoking command in '/home/ju/camera_ws/build/usb_cam': CMAKE_PREFIX_PATH=${CMAKE_PREFIX_PATH}:/opt/ros/humble:/home/ju/camera_ws/install /usr/bin/cmake /home/ju/camera_ws/src/usb_cam -DCMAKE_INSTALL_PREFIX=/home/ju/camera_ws/install/usb_cam
[0.587s] DEBUG:colcon.colcon_core.event_handler.log_command:Invoking command in '/home/ju/camera_ws/src/line_follow': PYTHONPATH=/home/ju/camera_ws/build/line_follow/prefix_override:/usr/lib/python3/dist-packages/colcon_core/task/python/colcon_distutils_commands:/home/ju/camera_ws/install/line_follow/lib/python3.10/site-packages:${PYTHONPATH} /usr/bin/python3 -W ignore:setup.py install is deprecated -W ignore:easy_install command is deprecated setup.py egg_info --egg-base ../../build/line_follow build --build-base /home/ju/camera_ws/build/line_follow/build install --record /home/ju/camera_ws/build/line_follow/install.log --single-version-externally-managed install_data
[0.861s] DEBUG:colcon.colcon_core.event_handler.log_command:Invoked command in '/home/ju/camera_ws/src/line_follow' returned '0': PYTHONPATH=/home/ju/camera_ws/build/line_follow/prefix_override:/usr/lib/python3/dist-packages/colcon_core/task/python/colcon_distutils_commands:/home/ju/camera_ws/install/line_follow/lib/python3.10/site-packages:${PYTHONPATH} /usr/bin/python3 -W ignore:setup.py install is deprecated -W ignore:easy_install command is deprecated setup.py egg_info --egg-base ../../build/line_follow build --build-base /home/ju/camera_ws/build/line_follow/build install --record /home/ju/camera_ws/build/line_follow/install.log --single-version-externally-managed install_data
[0.862s] Level 1:colcon.colcon_core.environment:checking '/home/ju/camera_ws/install/line_follow' for CMake module files
[0.863s] Level 1:colcon.colcon_core.environment:checking '/home/ju/camera_ws/install/line_follow' for CMake config files
[0.863s] Level 1:colcon.colcon_core.environment:checking '/home/ju/camera_ws/install/line_follow/lib'
[0.863s] Level 1:colcon.colcon_core.environment:checking '/home/ju/camera_ws/install/line_follow/bin'
[0.863s] Level 1:colcon.colcon_core.shell:create_environment_hook('line_follow', 'path')
[0.863s] INFO:colcon.colcon_core.shell:Creating environment hook '/home/ju/camera_ws/install/line_follow/share/line_follow/hook/path.ps1'
[0.863s] INFO:colcon.colcon_core.shell:Creating environment descriptor '/home/ju/camera_ws/install/line_follow/share/line_follow/hook/path.dsv'
[0.864s] INFO:colcon.colcon_core.shell:Creating environment hook '/home/ju/camera_ws/install/line_follow/share/line_follow/hook/path.sh'
[0.864s] Level 1:colcon.colcon_core.environment:checking '/home/ju/camera_ws/install/line_follow/lib/pkgconfig/line_follow.pc'
[0.864s] Level 1:colcon.colcon_core.environment:checking '/home/ju/camera_ws/install/line_follow/lib/python3.10/site-packages'
[0.864s] Level 1:colcon.colcon_core.shell:create_environment_hook('line_follow', 'pythonpath')
[0.864s] INFO:colcon.colcon_core.shell:Creating environment hook '/home/ju/camera_ws/install/line_follow/share/line_follow/hook/pythonpath.ps1'
[0.864s] INFO:colcon.colcon_core.shell:Creating environment descriptor '/home/ju/camera_ws/install/line_follow/share/line_follow/hook/pythonpath.dsv'
[0.864s] INFO:colcon.colcon_core.shell:Creating environment hook '/home/ju/camera_ws/install/line_follow/share/line_follow/hook/pythonpath.sh'
[0.865s] Level 1:colcon.colcon_core.environment:checking '/home/ju/camera_ws/install/line_follow/bin'
[0.865s] Level 1:colcon.colcon_core.shell:create_environment_hook('line_follow', 'pythonscriptspath')
[0.865s] INFO:colcon.colcon_core.shell:Creating environment hook '/home/ju/camera_ws/install/line_follow/share/line_follow/hook/pythonscriptspath.ps1'
[0.865s] INFO:colcon.colcon_core.shell:Creating environment descriptor '/home/ju/camera_ws/install/line_follow/share/line_follow/hook/pythonscriptspath.dsv'
[0.865s] INFO:colcon.colcon_core.shell:Creating environment hook '/home/ju/camera_ws/install/line_follow/share/line_follow/hook/pythonscriptspath.sh'
[0.865s] Level 1:colcon.colcon_core.environment:create_environment_scripts_only(line_follow)
[0.866s] INFO:colcon.colcon_core.shell:Creating package script '/home/ju/camera_ws/install/line_follow/share/line_follow/package.ps1'
[0.866s] INFO:colcon.colcon_core.shell:Creating package descriptor '/home/ju/camera_ws/install/line_follow/share/line_follow/package.dsv'
[0.866s] INFO:colcon.colcon_core.shell:Creating package script '/home/ju/camera_ws/install/line_follow/share/line_follow/package.sh'
[0.867s] INFO:colcon.colcon_core.shell:Creating package script '/home/ju/camera_ws/install/line_follow/share/line_follow/package.bash'
[0.867s] INFO:colcon.colcon_core.shell:Creating package script '/home/ju/camera_ws/install/line_follow/share/line_follow/package.zsh'
[0.868s] Level 1:colcon.colcon_core.environment:create_file_with_runtime_dependencies(/home/ju/camera_ws/install/line_follow/share/colcon-core/packages/line_follow)
[1.438s] DEBUG:colcon.colcon_core.event_handler.log_command:Invoked command in '/home/ju/camera_ws/build/usb_cam' returned '0': CMAKE_PREFIX_PATH=${CMAKE_PREFIX_PATH}:/opt/ros/humble:/home/ju/camera_ws/install /usr/bin/cmake /home/ju/camera_ws/src/usb_cam -DCMAKE_INSTALL_PREFIX=/home/ju/camera_ws/install/usb_cam
[1.439s] DEBUG:colcon.colcon_core.event_handler.log_command:Invoking command in '/home/ju/camera_ws/build/usb_cam': CMAKE_PREFIX_PATH=${CMAKE_PREFIX_PATH}:/opt/ros/humble:/home/ju/camera_ws/install /usr/bin/cmake --build /home/ju/camera_ws/build/usb_cam -- -j12 -l12
[8.017s] DEBUG:colcon.colcon_core.event_handler.log_command:Invoked command in '/home/ju/camera_ws/build/usb_cam' returned '0': CMAKE_PREFIX_PATH=${CMAKE_PREFIX_PATH}:/opt/ros/humble:/home/ju/camera_ws/install /usr/bin/cmake --build /home/ju/camera_ws/build/usb_cam -- -j12 -l12
[8.024s] DEBUG:colcon.colcon_core.event_handler.log_command:Invoking command in '/home/ju/camera_ws/build/usb_cam': CMAKE_PREFIX_PATH=${CMAKE_PREFIX_PATH}:/opt/ros/humble:/home/ju/camera_ws/install /usr/bin/cmake --install /home/ju/camera_ws/build/usb_cam
[8.036s] Level 1:colcon.colcon_core.environment:create_environment_scripts_only(usb_cam)
[8.036s] DEBUG:colcon.colcon_core.event_handler.log_command:Invoked command in '/home/ju/camera_ws/build/usb_cam' returned '0': CMAKE_PREFIX_PATH=${CMAKE_PREFIX_PATH}:/opt/ros/humble:/home/ju/camera_ws/install /usr/bin/cmake --install /home/ju/camera_ws/build/usb_cam
[8.036s] Level 1:colcon.colcon_core.environment:checking '/home/ju/camera_ws/install/usb_cam' for CMake module files
[8.037s] Level 1:colcon.colcon_core.environment:checking '/home/ju/camera_ws/install/usb_cam' for CMake config files
[8.037s] Level 1:colcon.colcon_core.shell:create_environment_hook('usb_cam', 'cmake_prefix_path')
[8.037s] INFO:colcon.colcon_core.shell:Creating environment hook '/home/ju/camera_ws/install/usb_cam/share/usb_cam/hook/cmake_prefix_path.ps1'
[8.037s] INFO:colcon.colcon_core.shell:Creating environment descriptor '/home/ju/camera_ws/install/usb_cam/share/usb_cam/hook/cmake_prefix_path.dsv'
[8.037s] INFO:colcon.colcon_core.shell:Creating environment hook '/home/ju/camera_ws/install/usb_cam/share/usb_cam/hook/cmake_prefix_path.sh'
[8.038s] Level 1:colcon.colcon_core.environment:checking '/home/ju/camera_ws/install/usb_cam/lib'
[8.038s] Level 1:colcon.colcon_core.shell:create_environment_hook('usb_cam', 'ld_library_path_lib')
[8.038s] INFO:colcon.colcon_core.shell:Creating environment hook '/home/ju/camera_ws/install/usb_cam/share/usb_cam/hook/ld_library_path_lib.ps1'
[8.038s] INFO:colcon.colcon_core.shell:Creating environment descriptor '/home/ju/camera_ws/install/usb_cam/share/usb_cam/hook/ld_library_path_lib.dsv'
[8.038s] INFO:colcon.colcon_core.shell:Creating environment hook '/home/ju/camera_ws/install/usb_cam/share/usb_cam/hook/ld_library_path_lib.sh'
[8.038s] Level 1:colcon.colcon_core.environment:checking '/home/ju/camera_ws/install/usb_cam/bin'
[8.038s] Level 1:colcon.colcon_core.environment:checking '/home/ju/camera_ws/install/usb_cam/lib/pkgconfig/usb_cam.pc'
[8.039s] Level 1:colcon.colcon_core.environment:checking '/home/ju/camera_ws/install/usb_cam/lib/python3.10/site-packages'
[8.039s] Level 1:colcon.colcon_core.environment:checking '/home/ju/camera_ws/install/usb_cam/bin'
[8.039s] INFO:colcon.colcon_core.shell:Creating package script '/home/ju/camera_ws/install/usb_cam/share/usb_cam/package.ps1'
[8.039s] INFO:colcon.colcon_core.shell:Creating package descriptor '/home/ju/camera_ws/install/usb_cam/share/usb_cam/package.dsv'
[8.039s] INFO:colcon.colcon_core.shell:Creating package script '/home/ju/camera_ws/install/usb_cam/share/usb_cam/package.sh'
[8.040s] INFO:colcon.colcon_core.shell:Creating package script '/home/ju/camera_ws/install/usb_cam/share/usb_cam/package.bash'
[8.040s] INFO:colcon.colcon_core.shell:Creating package script '/home/ju/camera_ws/install/usb_cam/share/usb_cam/package.zsh'
[8.040s] Level 1:colcon.colcon_core.environment:create_file_with_runtime_dependencies(/home/ju/camera_ws/install/usb_cam/share/colcon-core/packages/usb_cam)
[8.040s] Level 1:colcon.colcon_core.environment:create_environment_scripts_only(usb_cam)
[8.040s] Level 1:colcon.colcon_core.environment:checking '/home/ju/camera_ws/install/usb_cam' for CMake module files
[8.040s] Level 1:colcon.colcon_core.environment:checking '/home/ju/camera_ws/install/usb_cam' for CMake config files
[8.041s] Level 1:colcon.colcon_core.shell:create_environment_hook('usb_cam', 'cmake_prefix_path')
[8.041s] INFO:colcon.colcon_core.shell:Creating environment hook '/home/ju/camera_ws/install/usb_cam/share/usb_cam/hook/cmake_prefix_path.ps1'
[8.041s] INFO:colcon.colcon_core.shell:Creating environment descriptor '/home/ju/camera_ws/install/usb_cam/share/usb_cam/hook/cmake_prefix_path.dsv'
[8.041s] INFO:colcon.colcon_core.shell:Creating environment hook '/home/ju/camera_ws/install/usb_cam/share/usb_cam/hook/cmake_prefix_path.sh'
[8.041s] Level 1:colcon.colcon_core.environment:checking '/home/ju/camera_ws/install/usb_cam/lib'
[8.041s] Level 1:colcon.colcon_core.shell:create_environment_hook('usb_cam', 'ld_library_path_lib')
[8.041s] INFO:colcon.colcon_core.shell:Creating environment hook '/home/ju/camera_ws/install/usb_cam/share/usb_cam/hook/ld_library_path_lib.ps1'
[8.042s] INFO:colcon.colcon_core.shell:Creating environment descriptor '/home/ju/camera_ws/install/usb_cam/share/usb_cam/hook/ld_library_path_lib.dsv'
[8.042s] INFO:colcon.colcon_core.shell:Creating environment hook '/home/ju/camera_ws/install/usb_cam/share/usb_cam/hook/ld_library_path_lib.sh'
[8.042s] Level 1:colcon.colcon_core.environment:checking '/home/ju/camera_ws/install/usb_cam/bin'
[8.042s] Level 1:colcon.colcon_core.environment:checking '/home/ju/camera_ws/install/usb_cam/lib/pkgconfig/usb_cam.pc'
[8.042s] Level 1:colcon.colcon_core.environment:checking '/home/ju/camera_ws/install/usb_cam/lib/python3.10/site-packages'
[8.042s] Level 1:colcon.colcon_core.environment:checking '/home/ju/camera_ws/install/usb_cam/bin'
[8.042s] INFO:colcon.colcon_core.shell:Creating package script '/home/ju/camera_ws/install/usb_cam/share/usb_cam/package.ps1'
[8.043s] INFO:colcon.colcon_core.shell:Creating package descriptor '/home/ju/camera_ws/install/usb_cam/share/usb_cam/package.dsv'
[8.043s] INFO:colcon.colcon_core.shell:Creating package script '/home/ju/camera_ws/install/usb_cam/share/usb_cam/package.sh'
[8.043s] INFO:colcon.colcon_core.shell:Creating package script '/home/ju/camera_ws/install/usb_cam/share/usb_cam/package.bash'
[8.043s] INFO:colcon.colcon_core.shell:Creating package script '/home/ju/camera_ws/install/usb_cam/share/usb_cam/package.zsh'
[8.043s] Level 1:colcon.colcon_core.environment:create_file_with_runtime_dependencies(/home/ju/camera_ws/install/usb_cam/share/colcon-core/packages/usb_cam)
[8.044s] DEBUG:colcon.colcon_parallel_executor.executor.parallel:closing loop
[8.044s] DEBUG:colcon.colcon_parallel_executor.executor.parallel:loop closed
[8.044s] DEBUG:colcon.colcon_parallel_executor.executor.parallel:run_until_complete finished with '0'
[8.044s] DEBUG:colcon.colcon_core.event_reactor:joining thread
[8.047s] INFO:colcon.colcon_core.plugin_system:Skipping extension 'colcon_notification.desktop_notification.terminal_notifier': Not used on non-Darwin systems
[8.047s] INFO:colcon.colcon_core.plugin_system:Skipping extension 'colcon_notification.desktop_notification.win32': Not used on non-Windows systems
[8.047s] INFO:colcon.colcon_notification.desktop_notification:Sending desktop notification using 'notify2'
[8.054s] DEBUG:colcon.colcon_core.event_reactor:joined thread
[8.054s] INFO:colcon.colcon_core.shell:Creating prefix script '/home/ju/camera_ws/install/local_setup.ps1'
[8.055s] INFO:colcon.colcon_core.shell:Creating prefix util module '/home/ju/camera_ws/install/_local_setup_util_ps1.py'
[8.055s] INFO:colcon.colcon_core.shell:Creating prefix chain script '/home/ju/camera_ws/install/setup.ps1'
[8.056s] INFO:colcon.colcon_core.shell:Creating prefix script '/home/ju/camera_ws/install/local_setup.sh'
[8.056s] INFO:colcon.colcon_core.shell:Creating prefix util module '/home/ju/camera_ws/install/_local_setup_util_sh.py'
[8.057s] INFO:colcon.colcon_core.shell:Creating prefix chain script '/home/ju/camera_ws/install/setup.sh'
[8.057s] INFO:colcon.colcon_core.shell:Creating prefix script '/home/ju/camera_ws/install/local_setup.bash'
[8.057s] INFO:colcon.colcon_core.shell:Creating prefix chain script '/home/ju/camera_ws/install/setup.bash'
[8.058s] INFO:colcon.colcon_core.shell:Creating prefix script '/home/ju/camera_ws/install/local_setup.zsh'
[8.058s] INFO:colcon.colcon_core.shell:Creating prefix chain script '/home/ju/camera_ws/install/setup.zsh'
