[0.124s] Invoking command in '/home/ju/camera_ws/build/usb_cam': CMAKE_PREFIX_PATH=${CMAKE_PREFIX_PATH}:/opt/ros/humble:/home/ju/camera_ws/install /usr/bin/cmake /home/ju/camera_ws/src/usb_cam -DCMAKE_INSTALL_PREFIX=/home/ju/camera_ws/install/usb_cam
[0.162s] -- The C compiler identification is GNU 12.3.0
[0.205s] -- The CXX compiler identification is GNU 12.3.0
[0.210s] -- Detecting C compiler ABI info
[0.263s] -- Detecting C compiler ABI info - done
[0.270s] -- Check for working C compiler: /usr/bin/cc - skipped
[0.270s] -- Detecting C compile features
[0.270s] -- Detecting C compile features - done
[0.272s] -- Detecting CXX compiler ABI info
[0.333s] -- Detecting CXX compiler ABI info - done
[0.339s] -- Check for working CXX compiler: /usr/bin/c++ - skipped
[0.339s] -- Detecting CXX compile features
[0.340s] -- Detecting CXX compile features - done
[0.341s] -- Found ament_cmake_auto: 1.3.11 (/opt/ros/humble/share/ament_cmake_auto/cmake)
[0.559s] -- Found Python3: /usr/bin/python3 (found version "3.10.12") found components: Interpreter 
[0.679s] -- Found rosidl_generator_c: 3.1.6 (/opt/ros/humble/share/rosidl_generator_c/cmake)
[0.681s] -- Found rosidl_adapter: 3.1.6 (/opt/ros/humble/share/rosidl_adapter/cmake)
[0.686s] -- Found rosidl_generator_cpp: 3.1.6 (/opt/ros/humble/share/rosidl_generator_cpp/cmake)
[0.692s] -- Using all available rosidl_typesupport_c: rosidl_typesupport_fastrtps_c;rosidl_typesupport_introspection_c
[0.700s] -- Using all available rosidl_typesupport_cpp: rosidl_typesupport_fastrtps_cpp;rosidl_typesupport_introspection_cpp
[0.724s] -- Found rmw_implementation_cmake: 6.1.2 (/opt/ros/humble/share/rmw_implementation_cmake/cmake)
[0.726s] -- Found rmw_fastrtps_cpp: 6.2.7 (/opt/ros/humble/share/rmw_fastrtps_cpp/cmake)
[0.783s] -- Found OpenSSL: /usr/lib/x86_64-linux-gnu/libcrypto.so (found version "3.0.2")  
[0.799s] -- Found FastRTPS: /opt/ros/humble/include  
[0.824s] -- Using RMW implementation 'rmw_fastrtps_cpp' as default
[0.828s] -- Looking for pthread.h
[0.880s] -- Looking for pthread.h - found
[0.880s] -- Performing Test CMAKE_HAVE_LIBC_PTHREAD
[0.944s] -- Performing Test CMAKE_HAVE_LIBC_PTHREAD - Success
[0.945s] -- Found Threads: TRUE  
[1.061s] -- Found OpenCV: /usr (found version "4.5.4") 
[1.064s] -- Found PkgConfig: /usr/bin/pkg-config (found version "0.29.2") 
[1.064s] -- Checking for module 'libavcodec'
[1.075s] --   Found libavcodec, version 58.134.100
[1.111s] -- Checking for module 'libavutil'
[1.127s] --   Found libavutil, version 56.70.100
[1.173s] -- Checking for module 'libswscale'
[1.191s] --   Found libswscale, version 5.9.100
[1.244s] -- Found ament_lint_auto: 0.12.12 (/opt/ros/humble/share/ament_lint_auto/cmake)
[1.253s] -- Found gtest sources under '/opt/ros/humble/src/gtest_vendor': C++ tests using 'Google Test' will be built
[1.259s] -- Added test 'copyright' to check source files copyright and LICENSE
[1.261s] -- Added test 'cppcheck' to perform static code analysis on C / C++ code
[1.261s] -- Configured cppcheck include dirs: /home/ju/camera_ws/src/usb_cam/include
[1.261s] -- Configured cppcheck exclude dirs and/or files: 
[1.263s] -- Added test 'cpplint' to check C / C++ code against the Google style
[1.263s] -- Configured cpplint exclude dirs and/or files: 
[1.263s] -- Added test 'flake8' to check Python code syntax and style conventions
[1.264s] -- Added test 'lint_cmake' to check CMake code style
[1.264s] -- Added test 'pep257' to check Python code against some of the docstring style conventions in PEP 257
[1.266s] -- Added test 'uncrustify' to check C / C++ code style
[1.266s] -- Configured uncrustify additional arguments: 
[1.266s] -- Added test 'xmllint' to check XML markup files
[1.267s] -- Configuring done
[1.282s] -- Generating done
[1.287s] -- Build files have been written to: /home/ju/camera_ws/build/usb_cam
[1.295s] Invoked command in '/home/ju/camera_ws/build/usb_cam' returned '0': CMAKE_PREFIX_PATH=${CMAKE_PREFIX_PATH}:/opt/ros/humble:/home/ju/camera_ws/install /usr/bin/cmake /home/ju/camera_ws/src/usb_cam -DCMAKE_INSTALL_PREFIX=/home/ju/camera_ws/install/usb_cam
[1.296s] Invoking command in '/home/ju/camera_ws/build/usb_cam': CMAKE_PREFIX_PATH=${CMAKE_PREFIX_PATH}:/opt/ros/humble:/home/ju/camera_ws/install /usr/bin/cmake --build /home/ju/camera_ws/build/usb_cam -- -j12 -l12
[1.337s] [ 14%] [32mBuilding CXX object gtest/CMakeFiles/gtest_main.dir/src/gtest_main.cc.o[0m
[1.337s] [ 14%] [32mBuilding CXX object gtest/CMakeFiles/gtest.dir/src/gtest-all.cc.o[0m
[1.338s] [ 21%] [32mBuilding CXX object CMakeFiles/usb_cam_node_exe.dir/rclcpp_components/node_main_usb_cam_node_exe.cpp.o[0m
[1.342s] [ 28%] [32mBuilding CXX object CMakeFiles/usb_cam.dir/src/usb_cam.cpp.o[0m
[1.970s] [ 35%] [32m[1mLinking CXX static library libgtest_main.a[0m
[1.998s] [ 35%] Built target gtest_main
[2.668s] [ 42%] [32m[1mLinking CXX shared library libusb_cam.so[0m
[2.803s] [ 42%] Built target usb_cam
[2.820s] [ 50%] [32mBuilding CXX object CMakeFiles/usb_cam_node.dir/src/usb_cam_node.cpp.o[0m
[3.270s] [ 57%] [32m[1mLinking CXX executable usb_cam_node_exe[0m
[3.426s] [ 57%] Built target usb_cam_node_exe
[3.656s] [ 64%] [32m[1mLinking CXX static library libgtest.a[0m
[3.696s] [ 64%] Built target gtest
[3.713s] [ 71%] [32mBuilding CXX object CMakeFiles/test_usb_cam_utils.dir/test/test_usb_cam_utils.cpp.o[0m
[3.714s] [ 78%] [32mBuilding CXX object CMakeFiles/test_pixel_formats.dir/test/test_pixel_formats.cpp.o[0m
[4.633s] [ 85%] [32m[1mLinking CXX executable test_usb_cam_utils[0m
[4.803s] [ 85%] Built target test_usb_cam_utils
[4.854s] [ 92%] [32m[1mLinking CXX executable test_pixel_formats[0m
[5.002s] [ 92%] Built target test_pixel_formats
[7.624s] [100%] [32m[1mLinking CXX shared library libusb_cam_node.so[0m
[7.864s] [100%] Built target usb_cam_node
[7.874s] Invoked command in '/home/ju/camera_ws/build/usb_cam' returned '0': CMAKE_PREFIX_PATH=${CMAKE_PREFIX_PATH}:/opt/ros/humble:/home/ju/camera_ws/install /usr/bin/cmake --build /home/ju/camera_ws/build/usb_cam -- -j12 -l12
[7.881s] Invoking command in '/home/ju/camera_ws/build/usb_cam': CMAKE_PREFIX_PATH=${CMAKE_PREFIX_PATH}:/opt/ros/humble:/home/ju/camera_ws/install /usr/bin/cmake --install /home/ju/camera_ws/build/usb_cam
[7.888s] -- Install configuration: ""
[7.888s] -- Installing: /home/ju/camera_ws/install/usb_cam/share/usb_cam/environment/library_path.sh
[7.888s] -- Installing: /home/ju/camera_ws/install/usb_cam/share/usb_cam/environment/library_path.dsv
[7.888s] -- Installing: /home/ju/camera_ws/install/usb_cam/lib/usb_cam/usb_cam_node_exe
[7.888s] -- Set runtime path of "/home/ju/camera_ws/install/usb_cam/lib/usb_cam/usb_cam_node_exe" to ""
[7.888s] -- Installing: /home/ju/camera_ws/install/usb_cam/lib/usb_cam/show_image.py
[7.888s] -- Installing: /home/ju/camera_ws/install/usb_cam/lib/libusb_cam.so
[7.888s] -- Installing: /home/ju/camera_ws/install/usb_cam/lib/libusb_cam_node.so
[7.890s] -- Set runtime path of "/home/ju/camera_ws/install/usb_cam/lib/libusb_cam_node.so" to ""
[7.890s] -- Installing: /home/ju/camera_ws/install/usb_cam/include
[7.890s] -- Installing: /home/ju/camera_ws/install/usb_cam/include/usb_cam
[7.890s] -- Installing: /home/ju/camera_ws/install/usb_cam/include/usb_cam/usb_cam.hpp
[7.890s] -- Installing: /home/ju/camera_ws/install/usb_cam/include/usb_cam/usb_cam_node.hpp
[7.890s] -- Installing: /home/ju/camera_ws/install/usb_cam/include/usb_cam/conversions.hpp
[7.890s] -- Installing: /home/ju/camera_ws/install/usb_cam/include/usb_cam/utils.hpp
[7.890s] -- Installing: /home/ju/camera_ws/install/usb_cam/include/usb_cam/constants.hpp
[7.890s] -- Installing: /home/ju/camera_ws/install/usb_cam/include/usb_cam/formats
[7.890s] -- Installing: /home/ju/camera_ws/install/usb_cam/include/usb_cam/formats/rgb.hpp
[7.891s] -- Installing: /home/ju/camera_ws/install/usb_cam/include/usb_cam/formats/mono.hpp
[7.891s] -- Installing: /home/ju/camera_ws/install/usb_cam/include/usb_cam/formats/pixel_format_base.hpp
[7.891s] -- Installing: /home/ju/camera_ws/install/usb_cam/include/usb_cam/formats/mjpeg.hpp
[7.891s] -- Installing: /home/ju/camera_ws/install/usb_cam/include/usb_cam/formats/uyvy.hpp
[7.891s] -- Installing: /home/ju/camera_ws/install/usb_cam/include/usb_cam/formats/utils.hpp
[7.891s] -- Installing: /home/ju/camera_ws/install/usb_cam/include/usb_cam/formats/av_pixel_format_helper.hpp
[7.891s] -- Installing: /home/ju/camera_ws/install/usb_cam/include/usb_cam/formats/yuyv.hpp
[7.891s] -- Installing: /home/ju/camera_ws/install/usb_cam/include/usb_cam/formats/m420.hpp
[7.891s] -- Up-to-date: /home/ju/camera_ws/install/usb_cam/lib/libusb_cam_node.so
[7.891s] -- Installing: /home/ju/camera_ws/install/usb_cam/share/usb_cam/launch
[7.891s] -- Installing: /home/ju/camera_ws/install/usb_cam/share/usb_cam/launch/__init__.py
[7.891s] -- Installing: /home/ju/camera_ws/install/usb_cam/share/usb_cam/launch/camera.launch.py
[7.891s] -- Installing: /home/ju/camera_ws/install/usb_cam/share/usb_cam/launch/camera_config.py
[7.891s] -- Installing: /home/ju/camera_ws/install/usb_cam/share/usb_cam/config
[7.891s] -- Installing: /home/ju/camera_ws/install/usb_cam/share/usb_cam/config/camera_info.yaml
[7.891s] -- Installing: /home/ju/camera_ws/install/usb_cam/share/usb_cam/config/params_2.yaml
[7.891s] -- Installing: /home/ju/camera_ws/install/usb_cam/share/usb_cam/config/params_1.yaml
[7.891s] -- Installing: /home/ju/camera_ws/install/usb_cam/share/ament_index/resource_index/package_run_dependencies/usb_cam
[7.891s] -- Installing: /home/ju/camera_ws/install/usb_cam/share/ament_index/resource_index/parent_prefix_path/usb_cam
[7.891s] -- Installing: /home/ju/camera_ws/install/usb_cam/share/usb_cam/environment/ament_prefix_path.sh
[7.891s] -- Installing: /home/ju/camera_ws/install/usb_cam/share/usb_cam/environment/ament_prefix_path.dsv
[7.891s] -- Installing: /home/ju/camera_ws/install/usb_cam/share/usb_cam/environment/path.sh
[7.891s] -- Installing: /home/ju/camera_ws/install/usb_cam/share/usb_cam/environment/path.dsv
[7.891s] -- Installing: /home/ju/camera_ws/install/usb_cam/share/usb_cam/local_setup.bash
[7.891s] -- Installing: /home/ju/camera_ws/install/usb_cam/share/usb_cam/local_setup.sh
[7.891s] -- Installing: /home/ju/camera_ws/install/usb_cam/share/usb_cam/local_setup.zsh
[7.891s] -- Installing: /home/ju/camera_ws/install/usb_cam/share/usb_cam/local_setup.dsv
[7.891s] -- Installing: /home/ju/camera_ws/install/usb_cam/share/usb_cam/package.dsv
[7.891s] -- Installing: /home/ju/camera_ws/install/usb_cam/share/ament_index/resource_index/packages/usb_cam
[7.892s] -- Installing: /home/ju/camera_ws/install/usb_cam/share/ament_index/resource_index/rclcpp_components/usb_cam
[7.892s] -- Installing: /home/ju/camera_ws/install/usb_cam/share/usb_cam/cmake/ament_cmake_export_libraries-extras.cmake
[7.892s] -- Installing: /home/ju/camera_ws/install/usb_cam/share/usb_cam/cmake/ament_cmake_export_dependencies-extras.cmake
[7.892s] -- Installing: /home/ju/camera_ws/install/usb_cam/share/usb_cam/cmake/ament_cmake_export_include_directories-extras.cmake
[7.892s] -- Installing: /home/ju/camera_ws/install/usb_cam/share/usb_cam/cmake/usb_camConfig.cmake
[7.892s] -- Installing: /home/ju/camera_ws/install/usb_cam/share/usb_cam/cmake/usb_camConfig-version.cmake
[7.892s] -- Installing: /home/ju/camera_ws/install/usb_cam/share/usb_cam/package.xml
[7.893s] Invoked command in '/home/ju/camera_ws/build/usb_cam' returned '0': CMAKE_PREFIX_PATH=${CMAKE_PREFIX_PATH}:/opt/ros/humble:/home/ju/camera_ws/install /usr/bin/cmake --install /home/ju/camera_ws/build/usb_cam
